Arguments: 
  /usr/bin/node /usr/share/yarn/bin/yarn.js add underscore

PATH: 
  /opt/apache-maven/bin:/opt/apache-maven/bin:/usr/local/sbin:/usr/local/bin:/usr/sbin:/usr/bin:/sbin:/bin:/usr/games:/usr/local/games:/snap/bin:/snap/bin:/opt/apache-maven

Yarn version: 
  1.22.19

Node version: 
  12.22.9

Platform: 
  linux x64

Trace: 
  SyntaxError: /home/srinivasan/YArn/package.json: Unexpected token } in JSON at position 140
      at JSON.parse (<anonymous>)
      at /usr/share/yarn/lib/cli.js:1629:59
      at Generator.next (<anonymous>)
      at step (/usr/share/yarn/lib/cli.js:310:30)
      at /usr/share/yarn/lib/cli.js:321:13

npm manifest: 
  {
    "name": "YArn",
    "version": "1.0.0",
    "description": "Yarn project",
    "main": "index.js",
    "author": "Srini",
    "license": "MIT",
   
  }

yarn manifest: 
  No manifest

Lockfile: 
  No lockfile
